#
# A fatal error has been detected by the Java Runtime Environment:
#
#  EXCEPTION_ACCESS_VIOLATION (0xc0000005) at pc=0x000000006822c646, pid=7908, tid=0x0000000000002314
#
# JRE version: Java(TM) SE Runtime Environment (8.0_101-b13) (build 1.8.0_101-b13)
# Java VM: Java HotSpot(TM) 64-Bit Server VM (25.101-b13 mixed mode windows-amd64 compressed oops)
# Problematic frame:
# V  [jvm.dll+0x12c646]
#
# Failed to write core dump. Minidumps are not enabled by default on client versions of Windows
#
# If you would like to submit a bug report, please visit:
#   http://bugreport.java.com/bugreport/crash.jsp
#

---------------  T H R E A D  ---------------

Current thread is native thread

siginfo: ExceptionCode=0xc0000005, reading address 0x0000000000000140

Registers:
RAX=0x0000000000000000, RBX=0x00000235fed0ccf8, RCX=0x0000000000000021, RDX=0x00000235fd175800
RSP=0x0000009d1305c5e0, RBP=0x00000235fd175800, RSI=0x0000000000000000, RDI=0x00000000ffffffff
R8 =0x0000009d1305ca88, R9 =0x0000000000000002, R10=0x00000000681b6fe0, R11=0x0000000000000002
R12=0x0000000000000000, R13=0x00000235fed0cca8, R14=0x0000009d1305c6c0, R15=0x00000235fd175800
RIP=0x000000006822c646, EFLAGS=0x0000000000010246

Top of Stack: (sp=0x0000009d1305c5e0)
0x0000009d1305c5e0:   0000000000000000 00007ffe6cc6ef07
0x0000009d1305c5f0:   00000000000003b6 00000235e1e90dc8
0x0000009d1305c600:   0000000000000000 00000000681b700f
0x0000009d1305c610:   00000235fd175800 0000009d1305c6a8
0x0000009d1305c620:   00000235fd175800 00000000ffffffff
0x0000009d1305c630:   00000000ffffffff 00000235e6c0419b
0x0000009d1305c640:   00000235fd175800 00000235fed0ccf8
0x0000009d1305c650:   00000235fd175800 00000235feef7620
0x0000009d1305c660:   00000235e6c04142 0000009d1305c668
0x0000009d1305c670:   00000235fed0cca8 0000009d1305c6c0
0x0000009d1305c680:   00000235fed39c00 0000000000000000
0x0000009d1305c690:   00000235fed0ccf8 0000000000000000
0x0000009d1305c6a0:   0000009d1305c6b8 0000009d1305c7a0
0x0000009d1305c6b0:   00000235e6bf08f0 000000000000000a
0x0000009d1305c6c0:   00000000d76cdc78 0000000000000000
0x0000009d1305c6d0:   0000000000000000 0000000000000000 

Instructions: (pc=0x000000006822c646)
0x000000006822c626:   48 83 ec 20 33 f6 48 8b ea 48 8b d9 48 85 c9 74
0x000000006822c636:   35 8b 0d bb 41 68 00 ff 15 ad ed 4a 00 48 8b f0
0x000000006822c646:   48 8b b8 40 01 00 00 8b 17 3b 57 04 75 08 48 8b
0x000000006822c656:   cf e8 e4 6a f6 ff 48 63 17 48 8b 47 18 8d 4a 01 


Register to memory mapping:

RAX=0x0000000000000000 is an unknown value
RBX={method} {0x00000235fed0cd00} 'setClassIndex' '(I)V' in 'weka/core/Instances'
RCX=0x0000000000000021 is an unknown value
RDX=0x00000235fd175800 is a thread
RSP=0x0000009d1305c5e0 is an unknown value
RBP=0x00000235fd175800 is a thread
RSI=0x0000000000000000 is an unknown value
RDI=0x00000000ffffffff is an unallocated location in the heap
R8 =0x0000009d1305ca88 is an unknown value
R9 =0x0000000000000002 is an unknown value
R10=0x00000000681b6fe0 is an unknown value
R11=0x0000000000000002 is an unknown value
R12=0x0000000000000000 is an unknown value
R13=0x00000235fed0cca8 is pointing into metadata
R14=0x0000009d1305c6c0 is an unknown value
R15=0x00000235fd175800 is a thread


Stack: [0x0000009d12e70000,0x0000009d13060000],  sp=0x0000009d1305c5e0,  free space=1969k
Native frames: (J=compiled Java code, j=interpreted, Vv=VM code, C=native code)
V  [jvm.dll+0x12c646]
V  [jvm.dll+0xb700f]
C  0x00000235e6c0419b


---------------  P R O C E S S  ---------------

VM state:not at safepoint (normal execution)

VM Mutex/Monitor currently owned by a thread: None

Heap:
 PSYoungGen      total 38400K, used 29818K [0x00000000d5f00000, 0x00000000d8980000, 0x0000000100000000)
  eden space 33280K, 75% used [0x00000000d5f00000,0x00000000d7787b60,0x00000000d7f80000)
  from space 5120K, 91% used [0x00000000d7f80000,0x00000000d8417028,0x00000000d8480000)
  to   space 5120K, 0% used [0x00000000d8480000,0x00000000d8480000,0x00000000d8980000)
 ParOldGen       total 87552K, used 16K [0x0000000081c00000, 0x0000000087180000, 0x00000000d5f00000)
  object space 87552K, 0% used [0x0000000081c00000,0x0000000081c04000,0x0000000087180000)
 Metaspace       used 10793K, capacity 11080K, committed 11136K, reserved 1058816K
  class space    used 1274K, capacity 1370K, committed 1408K, reserved 1048576K

Card table byte_map: [0x00000235f5fb0000,0x00000235f63b0000] byte_map_base: 0x00000235f5ba2000

Marking Bits: (ParMarkBitMap*) 0x000000006891a6d0
 Begin Bits: [0x00000235f6660000, 0x00000235f85f0000)
 End Bits:   [0x00000235f85f0000, 0x00000235fa580000)

Polling page: 0x00000235e6ac0000

CodeCache: size=245760Kb used=2992Kb max_used=2992Kb free=242767Kb
 bounds [0x00000235e6bf0000, 0x00000235e6ef0000, 0x00000235f5bf0000]
 total_blobs=1033 nmethods=745 adapters=201
 compilation: enabled

Compilation events (10 events):
Event: 1.484 Thread 0x00000235fd0d5000  741   !   3       java.io.BufferedReader::read (104 bytes)
Event: 1.484 Thread 0x00000235fd0d5000 nmethod 741 0x00000235e6ed6190 code [0x00000235e6ed6340, 0x00000235e6ed6a00]
Event: 1.486 Thread 0x00000235fd0d5000  742       1       weka.core.Attribute::type (5 bytes)
Event: 1.486 Thread 0x00000235fd0d5000 nmethod 742 0x00000235e6ed92d0 code [0x00000235e6ed9420, 0x00000235e6ed9538]
Event: 1.486 Thread 0x00000235fd0d5000  743       3       java.io.StreamTokenizer::nextToken (1268 bytes)
Event: 1.488 Thread 0x00000235fd0d5000 nmethod 743 0x00000235e6edc250 code [0x00000235e6edc780, 0x00000235e6edf3a0]
Event: 1.488 Thread 0x00000235fd0d5000  744       3       weka.core.Instances::attribute (12 bytes)
Event: 1.488 Thread 0x00000235fd0d5000 nmethod 744 0x00000235e6ed3310 code [0x00000235e6ed34c0, 0x00000235e6ed3980]
Event: 1.488 Thread 0x00000235fd0d5000  745       3       weka.core.Instances::numAttributes (8 bytes)
Event: 1.488 Thread 0x00000235fd0d5000 nmethod 745 0x00000235e6ed5e10 code [0x00000235e6ed5f60, 0x00000235e6ed60f8]

GC Heap History (2 events):
Event: 0.966 GC heap before
{Heap before GC invocations=1 (full 0):
 PSYoungGen      total 38400K, used 33280K [0x00000000d5f00000, 0x00000000d8980000, 0x0000000100000000)
  eden space 33280K, 100% used [0x00000000d5f00000,0x00000000d7f80000,0x00000000d7f80000)
  from space 5120K, 0% used [0x00000000d8480000,0x00000000d8480000,0x00000000d8980000)
  to   space 5120K, 0% used [0x00000000d7f80000,0x00000000d7f80000,0x00000000d8480000)
 ParOldGen       total 87552K, used 0K [0x0000000081c00000, 0x0000000087180000, 0x00000000d5f00000)
  object space 87552K, 0% used [0x0000000081c00000,0x0000000081c00000,0x0000000087180000)
 Metaspace       used 10446K, capacity 10748K, committed 10880K, reserved 1058816K
  class space    used 1247K, capacity 1368K, committed 1408K, reserved 1048576K
Event: 0.973 GC heap after
Heap after GC invocations=1 (full 0):
 PSYoungGen      total 38400K, used 4700K [0x00000000d5f00000, 0x00000000d8980000, 0x0000000100000000)
  eden space 33280K, 0% used [0x00000000d5f00000,0x00000000d5f00000,0x00000000d7f80000)
  from space 5120K, 91% used [0x00000000d7f80000,0x00000000d8417028,0x00000000d8480000)
  to   space 5120K, 0% used [0x00000000d8480000,0x00000000d8480000,0x00000000d8980000)
 ParOldGen       total 87552K, used 16K [0x0000000081c00000, 0x0000000087180000, 0x00000000d5f00000)
  object space 87552K, 0% used [0x0000000081c00000,0x0000000081c04000,0x0000000087180000)
 Metaspace       used 10446K, capacity 10748K, committed 10880K, reserved 1058816K
  class space    used 1247K, capacity 1368K, committed 1408K, reserved 1048576K
}

Deoptimization events (10 events):
Event: 0.914 Thread 0x00000235fd175800 Uncommon trap: reason=class_check action=maybe_recompile pc=0x00000235e6e7ede0 method=java.lang.reflect.Array.newInstance(Ljava/lang/Class;I)Ljava/lang/Object; @ 2
Event: 0.914 Thread 0x00000235fd175800 Uncommon trap: reason=class_check action=maybe_recompile pc=0x00000235e6e7ede0 method=java.lang.reflect.Array.newInstance(Ljava/lang/Class;I)Ljava/lang/Object; @ 2
Event: 0.914 Thread 0x00000235fd175800 Uncommon trap: reason=class_check action=maybe_recompile pc=0x00000235e6e7ede0 method=java.lang.reflect.Array.newInstance(Ljava/lang/Class;I)Ljava/lang/Object; @ 2
Event: 0.958 Thread 0x00000235fd175800 Uncommon trap: reason=class_check action=maybe_recompile pc=0x00000235e6e9327c method=java.lang.reflect.Array.newInstance(Ljava/lang/Class;I)Ljava/lang/Object; @ 2
Event: 0.959 Thread 0x00000235fd175800 Uncommon trap: reason=array_check action=maybe_recompile pc=0x00000235e6e934b8 method=java.io.ObjectInputStream.readArray(Z)Ljava/lang/Object; @ 406
Event: 1.034 Thread 0x00000235fd175800 Uncommon trap: reason=unstable_if action=reinterpret pc=0x00000235e6e7bbac method=java.lang.reflect.Constructor.newInstance([Ljava/lang/Object;)Ljava/lang/Object; @ 69
Event: 1.054 Thread 0x00000235fd175800 Uncommon trap: reason=null_check action=make_not_entrant pc=0x00000235e6e7d52c method=java.io.ObjectInputStream.readClassDesc(Z)Ljava/io/ObjectStreamClass; @ 56
Event: 1.055 Thread 0x00000235fd175800 Uncommon trap: reason=unstable_if action=reinterpret pc=0x00000235e6e7f5a8 method=java.io.ObjectStreamClass.getClassDataLayout()[Ljava/io/ObjectStreamClass$ClassDataSlot; @ 4
Event: 1.055 Thread 0x00000235fd175800 Uncommon trap: reason=unstable_if action=reinterpret pc=0x00000235e6e67318 method=java.io.ObjectInputStream$HandleTable.markDependency(II)V @ 2
Event: 1.055 Thread 0x00000235fd175800 Uncommon trap: reason=unstable_if action=reinterpret pc=0x00000235e6e95c50 method=java.io.ObjectInputStream.readObject0(Z)Ljava/lang/Object; @ 9

Internal exceptions (10 events):
Event: 0.522 Thread 0x00000235fd175800 Exception <a 'java/lang/NoClassDefFoundError': no/uib/cipr/matrix/LowerTriangBandMatrix> (0x00000000d78cf080) thrown at [C:\re\workspace\8-2-build-windows-amd64-cygwin\jdk8u101\7261\hotspot\src\share\vm\classfile\systemDictionary.cpp, line 199]
Event: 0.523 Thread 0x00000235fd175800 Exception <a 'java/lang/NoClassDefFoundError': no/uib/cipr/matrix/UpperSymmPackMatrix> (0x00000000d78cfa30) thrown at [C:\re\workspace\8-2-build-windows-amd64-cygwin\jdk8u101\7261\hotspot\src\share\vm\classfile\systemDictionary.cpp, line 199]
Event: 0.524 Thread 0x00000235fd175800 Exception <a 'java/lang/NoClassDefFoundError': no/uib/cipr/matrix/AbstractTriangDenseMatrix> (0x00000000d78d0918) thrown at [C:\re\workspace\8-2-build-windows-amd64-cygwin\jdk8u101\7261\hotspot\src\share\vm\classfile\systemDictionary.cpp, line 199]
Event: 0.524 Thread 0x00000235fd175800 Exception <a 'java/lang/NoClassDefFoundError': no/uib/cipr/matrix/AbstractSymmDenseMatrix> (0x00000000d78d12f8) thrown at [C:\re\workspace\8-2-build-windows-amd64-cygwin\jdk8u101\7261\hotspot\src\share\vm\classfile\systemDictionary.cpp, line 199]
Event: 0.526 Thread 0x00000235fd175800 Exception <a 'java/lang/NoClassDefFoundError': no/uib/cipr/matrix/sparse/DefaultIterationMonitor> (0x00000000d78d2f18) thrown at [C:\re\workspace\8-2-build-windows-amd64-cygwin\jdk8u101\7261\hotspot\src\share\vm\classfile\systemDictionary.cpp, line 199]
Event: 0.527 Thread 0x00000235fd175800 Exception <a 'java/lang/NoClassDefFoundError': no/uib/cipr/matrix/LowerTriangDenseMatrix> (0x00000000d78d45a0) thrown at [C:\re\workspace\8-2-build-windows-amd64-cygwin\jdk8u101\7261\hotspot\src\share\vm\classfile\systemDictionary.cpp, line 199]
Event: 0.527 Thread 0x00000235fd175800 Exception <a 'java/lang/NoClassDefFoundError': no/uib/cipr/matrix/UpperSymmDenseMatrix> (0x00000000d78d50f8) thrown at [C:\re\workspace\8-2-build-windows-amd64-cygwin\jdk8u101\7261\hotspot\src\share\vm\classfile\systemDictionary.cpp, line 199]
Event: 0.528 Thread 0x00000235fd175800 Exception <a 'java/lang/NoClassDefFoundError': no/uib/cipr/matrix/UpperTriangDenseMatrix> (0x00000000d78d5d08) thrown at [C:\re\workspace\8-2-build-windows-amd64-cygwin\jdk8u101\7261\hotspot\src\share\vm\classfile\systemDictionary.cpp, line 199]
Event: 0.621 Thread 0x00000235fd175800 Exception <a 'java/lang/NoSuchMethodError': <clinit>> (0x00000000d7aba1d0) thrown at [C:\re\workspace\8-2-build-windows-amd64-cygwin\jdk8u101\7261\hotspot\src\share\vm\prims\jni.cpp, line 1613]
Event: 1.054 Thread 0x00000235fd175800 Implicit null exception at 0x00000235e6e7d03c to 0x00000235e6e7d521

Events (10 events):
Event: 1.484 loading class sun/misc/FloatingDecimal$ASCIIToBinaryBuffer
Event: 1.484 loading class sun/misc/FloatingDecimal$ASCIIToBinaryBuffer done
Event: 1.484 loading class weka/core/DenseInstance
Event: 1.484 loading class weka/core/DenseInstance done
Event: 1.484 loading class weka/core/AbstractInstance
Event: 1.484 loading class weka/core/AbstractInstance done
Event: 1.485 loading class weka/core/UnassignedDatasetException
Event: 1.485 loading class weka/core/UnassignedDatasetException done
Event: 4.169 Executing VM operation: EnableBiasedLocking
Event: 4.170 Executing VM operation: EnableBiasedLocking done


Dynamic libraries:
0x00007ff663f60000 - 0x00007ff663f7b000 	C:\ProgramData\Anaconda3\python.exe
0x00007ffecc6f0000 - 0x00007ffecc8dd000 	C:\WINDOWS\SYSTEM32\ntdll.dll
0x00007ffecb6f0000 - 0x00007ffecb7a3000 	C:\WINDOWS\System32\KERNEL32.DLL
0x00007ffec8e80000 - 0x00007ffec9113000 	C:\WINDOWS\System32\KERNELBASE.dll
0x00007ffec89d0000 - 0x00007ffec8aca000 	C:\WINDOWS\System32\ucrtbase.dll
0x00007ffe6cc40000 - 0x00007ffe6d018000 	C:\ProgramData\Anaconda3\python37.dll
0x00007ffec0410000 - 0x00007ffec0426000 	C:\ProgramData\Anaconda3\VCRUNTIME140.dll
0x00007ffecb020000 - 0x00007ffecb072000 	C:\WINDOWS\System32\SHLWAPI.dll
0x00007ffec9920000 - 0x00007ffec99be000 	C:\WINDOWS\System32\msvcrt.dll
0x00007ffec4430000 - 0x00007ffec443a000 	C:\WINDOWS\SYSTEM32\VERSION.dll
0x00007ffecc310000 - 0x00007ffecc63c000 	C:\WINDOWS\System32\combase.dll
0x00007ffecaee0000 - 0x00007ffecb002000 	C:\WINDOWS\System32\RPCRT4.dll
0x00007ffec8b30000 - 0x00007ffec8bae000 	C:\WINDOWS\System32\bcryptPrimitives.dll
0x00007ffec99c0000 - 0x00007ffec99e9000 	C:\WINDOWS\System32\GDI32.dll
0x00007ffec8cc0000 - 0x00007ffec8e5a000 	C:\WINDOWS\System32\gdi32full.dll
0x00007ffec8c20000 - 0x00007ffec8cc0000 	C:\WINDOWS\System32\msvcp_win.dll
0x00007ffecba90000 - 0x00007ffecbc27000 	C:\WINDOWS\System32\USER32.dll
0x00007ffec8c00000 - 0x00007ffec8c20000 	C:\WINDOWS\System32\win32u.dll
0x00007ffecc150000 - 0x00007ffecc1bd000 	C:\WINDOWS\System32\WS2_32.dll
0x00007ffecb7b0000 - 0x00007ffecb853000 	C:\WINDOWS\System32\ADVAPI32.dll
0x00007ffecc1c0000 - 0x00007ffecc25e000 	C:\WINDOWS\System32\sechost.dll
0x00007ffecbf40000 - 0x00007ffecbf6e000 	C:\WINDOWS\System32\IMM32.DLL
0x00007ffec8e60000 - 0x00007ffec8e77000 	C:\WINDOWS\System32\CRYPTSP.dll
0x00007ffec7ad0000 - 0x00007ffec7b03000 	C:\WINDOWS\system32\rsaenh.dll
0x00007ffec87c0000 - 0x00007ffec87e6000 	C:\WINDOWS\System32\bcrypt.dll
0x00007ffec8140000 - 0x00007ffec814c000 	C:\WINDOWS\SYSTEM32\CRYPTBASE.dll
0x00007ffec6ae0000 - 0x00007ffec6aef000 	C:\ProgramData\Anaconda3\python3.dll
0x00007ffeb9480000 - 0x00007ffeb948d000 	C:\ProgramData\Anaconda3\DLLs\_hashlib.pyd
0x00007ffe87c90000 - 0x00007ffe87ef6000 	C:\ProgramData\Anaconda3\DLLs\libcrypto-1_1-x64.dll
0x00007ffea4b70000 - 0x00007ffea4b85000 	C:\ProgramData\Anaconda3\DLLs\_socket.pyd
0x00007ffeb45b0000 - 0x00007ffeb45b9000 	C:\ProgramData\Anaconda3\DLLs\select.pyd
0x00007ffea4a90000 - 0x00007ffea4ab0000 	C:\ProgramData\Anaconda3\DLLs\_ssl.pyd
0x00007ffec87f0000 - 0x00007ffec89cb000 	C:\WINDOWS\System32\CRYPT32.dll
0x00007ffec8740000 - 0x00007ffec8752000 	C:\WINDOWS\System32\MSASN1.dll
0x00007ffe9aaf0000 - 0x00007ffe9ab76000 	C:\ProgramData\Anaconda3\DLLs\libssl-1_1-x64.dll
0x00007ffeadb40000 - 0x00007ffeadb58000 	C:\ProgramData\Anaconda3\DLLs\_bz2.pyd
0x00007ffea4b90000 - 0x00007ffea4bd1000 	C:\ProgramData\Anaconda3\DLLs\_lzma.pyd
0x00007ffeabb40000 - 0x00007ffeabb49000 	C:\ProgramData\Anaconda3\lib\site-packages\markupsafe\_speedups.cp37-win_amd64.pyd
0x00007ffea0590000 - 0x00007ffea05d5000 	C:\ProgramData\Anaconda3\DLLs\_decimal.pyd
0x00007ffe96c50000 - 0x00007ffe96d59000 	C:\ProgramData\Anaconda3\DLLs\unicodedata.pyd
0x00007ffea9fa0000 - 0x00007ffea9fa8000 	C:\ProgramData\Anaconda3\DLLs\_contextvars.pyd
0x00007ffea0570000 - 0x00007ffea0585000 	C:\ProgramData\Anaconda3\DLLs\_asyncio.pyd
0x00007ffea9580000 - 0x00007ffea958d000 	C:\ProgramData\Anaconda3\DLLs\_overlapped.pyd
0x00007ffec7f10000 - 0x00007ffec7f77000 	C:\WINDOWS\system32\mswsock.dll
0x00007ffeb9490000 - 0x00007ffeb94b4000 	C:\ProgramData\Anaconda3\DLLs\_ctypes.pyd
0x00007ffecbde0000 - 0x00007ffecbf35000 	C:\WINDOWS\System32\ole32.dll
0x00007ffecb620000 - 0x00007ffecb6e4000 	C:\WINDOWS\System32\OLEAUT32.dll
0x00007ffec99f0000 - 0x00007ffecaee0000 	C:\WINDOWS\System32\shell32.DLL
0x00007ffec8bb0000 - 0x00007ffec8bfa000 	C:\WINDOWS\System32\cfgmgr32.dll
0x00007ffecc260000 - 0x00007ffecc308000 	C:\WINDOWS\System32\shcore.dll
0x00007ffec91d0000 - 0x00007ffec991a000 	C:\WINDOWS\System32\windows.storage.dll
0x00007ffec8710000 - 0x00007ffec8734000 	C:\WINDOWS\System32\profapi.dll
0x00007ffec8760000 - 0x00007ffec87bd000 	C:\WINDOWS\System32\powrprof.dll
0x00007ffec86f0000 - 0x00007ffec8701000 	C:\WINDOWS\System32\kernel.appcore.dll
0x00007ffec3ad0000 - 0x00007ffec3add000 	C:\ProgramData\Anaconda3\lib\site-packages\greenlet.cp37-win_amd64.pyd
0x00007ffe7fff0000 - 0x00007ffe80179000 	C:\ProgramData\Anaconda3\lib\site-packages\numpy\core\multiarray.cp37-win_amd64.pyd
0x00007ffe53a70000 - 0x00007ffe547b8000 	C:\ProgramData\Anaconda3\Library\bin\mkl_rt.dll
0x00007ffe894b0000 - 0x00007ffe89558000 	C:\ProgramData\Anaconda3\lib\site-packages\numpy\core\umath.cp37-win_amd64.pyd
0x00007ffea8d30000 - 0x00007ffea8d3b000 	C:\ProgramData\Anaconda3\lib\site-packages\numpy\linalg\lapack_lite.cp37-win_amd64.pyd
0x00007ffe9ae30000 - 0x00007ffe9ae52000 	C:\ProgramData\Anaconda3\lib\site-packages\numpy\linalg\_umath_linalg.cp37-win_amd64.pyd
0x00007ffea4ca0000 - 0x00007ffea4cb8000 	C:\ProgramData\Anaconda3\lib\site-packages\numpy\fft\fftpack_lite.cp37-win_amd64.pyd
0x00007ffe88de0000 - 0x00007ffe88e83000 	C:\ProgramData\Anaconda3\lib\site-packages\numpy\random\mtrand.cp37-win_amd64.pyd
0x00007ffe94660000 - 0x00007ffe946b1000 	C:\ProgramData\Anaconda3\lib\site-packages\javabridge\_javabridge.cp37-win_amd64.pyd
0x0000000068100000 - 0x000000006899a000 	C:\Program Files\Java\jdk1.8.0_101\jre\bin\server\jvm.dll
0x00007ffecc140000 - 0x00007ffecc148000 	C:\WINDOWS\System32\PSAPI.DLL
0x00007ffeb2340000 - 0x00007ffeb2349000 	C:\WINDOWS\SYSTEM32\WSOCK32.dll
0x00007ffec6a90000 - 0x00007ffec6ab4000 	C:\WINDOWS\SYSTEM32\WINMM.dll
0x000000006ae00000 - 0x000000006aed2000 	C:\WINDOWS\SYSTEM32\MSVCR100.dll
0x00007ffec6950000 - 0x00007ffec697d000 	C:\WINDOWS\SYSTEM32\winmmbase.dll
0x00007ffeb93d0000 - 0x00007ffeb93e5000 	C:\ProgramData\Anaconda3\lib\site-packages\scipy\_lib\_ccallback_c.cp37-win_amd64.pyd
0x00007ffe9ac00000 - 0x00007ffe9ac2e000 	C:\ProgramData\Anaconda3\lib\site-packages\pandas\_libs\tslib.cp37-win_amd64.pyd
0x00007ffe94760000 - 0x00007ffe94797000 	C:\ProgramData\Anaconda3\lib\site-packages\pandas\_libs\tslibs\conversion.cp37-win_amd64.pyd
0x00007ffea8160000 - 0x00007ffea8170000 	C:\ProgramData\Anaconda3\lib\site-packages\pandas\_libs\tslibs\np_datetime.cp37-win_amd64.pyd
0x00007ffe94730000 - 0x00007ffe9475b000 	C:\ProgramData\Anaconda3\lib\site-packages\pandas\_libs\tslibs\nattype.cp37-win_amd64.pyd
0x00007ffe92950000 - 0x00007ffe9299c000 	C:\ProgramData\Anaconda3\lib\site-packages\pandas\_libs\tslibs\timedeltas.cp37-win_amd64.pyd
0x00007ffe9aad0000 - 0x00007ffe9aaed000 	C:\ProgramData\Anaconda3\lib\site-packages\pandas\_libs\tslibs\timezones.cp37-win_amd64.pyd
0x00007ffe92b60000 - 0x00007ffe92b99000 	C:\ProgramData\Anaconda3\lib\site-packages\pandas\_libs\tslibs\parsing.cp37-win_amd64.pyd
0x00007ffe946c0000 - 0x00007ffe946d3000 	C:\ProgramData\Anaconda3\lib\site-packages\pandas\_libs\tslibs\ccalendar.cp37-win_amd64.pyd
0x00007ffe91f90000 - 0x00007ffe91fc8000 	C:\ProgramData\Anaconda3\lib\site-packages\pandas\_libs\tslibs\strptime.cp37-win_amd64.pyd
0x00007ffe91bd0000 - 0x00007ffe91c18000 	C:\ProgramData\Anaconda3\lib\site-packages\pandas\_libs\tslibs\timestamps.cp37-win_amd64.pyd
0x00007ffe94400000 - 0x00007ffe94422000 	C:\ProgramData\Anaconda3\lib\site-packages\pandas\_libs\tslibs\fields.cp37-win_amd64.pyd
0x00007ffe8b2f0000 - 0x00007ffe8b366000 	C:\ProgramData\Anaconda3\lib\site-packages\pandas\_libs\hashtable.cp37-win_amd64.pyd
0x00007ffe945d0000 - 0x00007ffe945e9000 	C:\ProgramData\Anaconda3\lib\site-packages\pandas\_libs\missing.cp37-win_amd64.pyd
0x00007ffe86be0000 - 0x00007ffe86c53000 	C:\ProgramData\Anaconda3\lib\site-packages\pandas\_libs\lib.cp37-win_amd64.pyd
0x00007ffe85930000 - 0x00007ffe85a62000 	C:\ProgramData\Anaconda3\lib\site-packages\pandas\_libs\algos.cp37-win_amd64.pyd
0x00007ffe928d0000 - 0x00007ffe928e4000 	C:\ProgramData\Anaconda3\lib\site-packages\pandas\_libs\properties.cp37-win_amd64.pyd
0x00007ffe92870000 - 0x00007ffe92884000 	C:\ProgramData\Anaconda3\lib\site-packages\pandas\_libs\hashing.cp37-win_amd64.pyd
0x00007ffe925c0000 - 0x00007ffe925dc000 	C:\ProgramData\Anaconda3\lib\site-packages\bottleneck\reduce.cp37-win_amd64.pyd
0x00007ffea4d00000 - 0x00007ffea4d0b000 	C:\ProgramData\Anaconda3\lib\site-packages\bottleneck\nonreduce.cp37-win_amd64.pyd
0x00007ffea4b10000 - 0x00007ffea4b20000 	C:\ProgramData\Anaconda3\lib\site-packages\bottleneck\nonreduce_axis.cp37-win_amd64.pyd
0x00007ffe91bb0000 - 0x00007ffe91bcd000 	C:\ProgramData\Anaconda3\lib\site-packages\bottleneck\move.cp37-win_amd64.pyd
0x00007ffe88d70000 - 0x00007ffe88dda000 	C:\ProgramData\Anaconda3\lib\site-packages\pandas\_libs\index.cp37-win_amd64.pyd
0x00007ffe8d860000 - 0x00007ffe8d8ab000 	C:\ProgramData\Anaconda3\lib\site-packages\pandas\_libs\tslibs\period.cp37-win_amd64.pyd
0x00007ffe90e90000 - 0x00007ffe90eb1000 	C:\ProgramData\Anaconda3\lib\site-packages\pandas\_libs\tslibs\frequencies.cp37-win_amd64.pyd
0x00007ffe8e6d0000 - 0x00007ffe8e708000 	C:\ProgramData\Anaconda3\lib\site-packages\pandas\_libs\tslibs\resolution.cp37-win_amd64.pyd
0x00007ffe8c9c0000 - 0x00007ffe8ca0c000 	C:\ProgramData\Anaconda3\lib\site-packages\pandas\_libs\tslibs\offsets.cp37-win_amd64.pyd
0x00007ffe7eee0000 - 0x00007ffe7f083000 	C:\ProgramData\Anaconda3\lib\site-packages\pandas\_libs\join.cp37-win_amd64.pyd
0x00007ffe91b90000 - 0x00007ffe91bab000 	C:\ProgramData\Anaconda3\lib\site-packages\pandas\_libs\ops.cp37-win_amd64.pyd
0x00007ffe6d0c0000 - 0x00007ffe6d293000 	C:\ProgramData\Anaconda3\lib\site-packages\pandas\_libs\interval.cp37-win_amd64.pyd
0x00007ffea4ab0000 - 0x00007ffea4abf000 	C:\ProgramData\Anaconda3\lib\site-packages\pandas\_libs\indexing.cp37-win_amd64.pyd
0x00007ffe8c290000 - 0x00007ffe8c2c9000 	C:\ProgramData\Anaconda3\lib\site-packages\pandas\_libs\internals.cp37-win_amd64.pyd
0x00007ffe85cc0000 - 0x00007ffe85d71000 	C:\ProgramData\Anaconda3\lib\site-packages\pandas\_libs\sparse.cp37-win_amd64.pyd
0x00007ffe8cf50000 - 0x00007ffe8cf7d000 	C:\ProgramData\Anaconda3\lib\site-packages\matplotlib\_path.cp37-win_amd64.pyd
0x00007ffeb4ee0000 - 0x00007ffeb4f7b000 	C:\WINDOWS\SYSTEM32\MSVCP140.dll
0x00007ffe85690000 - 0x00007ffe8571a000 	C:\ProgramData\Anaconda3\lib\site-packages\pandas\_libs\window.cp37-win_amd64.pyd
0x00007ffe91450000 - 0x00007ffe9146a000 	C:\ProgramData\Anaconda3\lib\site-packages\pandas\_libs\skiplist.cp37-win_amd64.pyd
0x00007ffe8ae90000 - 0x00007ffe8aecc000 	C:\ProgramData\Anaconda3\lib\site-packages\pandas\_libs\reduction.cp37-win_amd64.pyd
0x00007ffe82480000 - 0x00007ffe82518000 	C:\ProgramData\Anaconda3\lib\site-packages\pandas\_libs\groupby.cp37-win_amd64.pyd
0x00007ffe903c0000 - 0x00007ffe903de000 	C:\ProgramData\Anaconda3\lib\site-packages\pandas\_libs\reshape.cp37-win_amd64.pyd
0x00007ffe86180000 - 0x00007ffe861eb000 	C:\ProgramData\Anaconda3\lib\site-packages\pandas\_libs\parsers.cp37-win_amd64.pyd
0x00007ffe902a0000 - 0x00007ffe902b7000 	C:\ProgramData\Anaconda3\lib\site-packages\pandas\_libs\json.cp37-win_amd64.pyd
0x00007ffe88c60000 - 0x00007ffe88c92000 	C:\ProgramData\Anaconda3\lib\site-packages\pandas\_libs\writers.cp37-win_amd64.pyd
0x00007ffe90140000 - 0x00007ffe90156000 	C:\ProgramData\Anaconda3\lib\site-packages\pandas\io\msgpack\_packer.cp37-win_amd64.pyd
0x00007ffe8fb80000 - 0x00007ffe8fb9a000 	C:\ProgramData\Anaconda3\lib\site-packages\pandas\io\msgpack\_unpacker.cp37-win_amd64.pyd
0x00007ffea4780000 - 0x00007ffea4789000 	C:\ProgramData\Anaconda3\lib\site-packages\pandas\util\_move.cp37-win_amd64.pyd
0x00007ffe8c270000 - 0x00007ffe8c286000 	C:\ProgramData\Anaconda3\lib\site-packages\pandas\_libs\testing.cp37-win_amd64.pyd
0x000000006adb0000 - 0x000000006adbf000 	C:\Program Files\Java\jdk1.8.0_101\jre\bin\verify.dll
0x0000000069e30000 - 0x0000000069e59000 	C:\Program Files\Java\jdk1.8.0_101\jre\bin\java.dll
0x0000000069e10000 - 0x0000000069e26000 	C:\Program Files\Java\jdk1.8.0_101\jre\bin\zip.dll
0x00007ffeb4430000 - 0x00007ffeb4446000 	C:\WINDOWS\system32\napinsp.dll
0x00007ffeb3ef0000 - 0x00007ffeb3f0a000 	C:\WINDOWS\system32\pnrpnsp.dll
0x00007ffec7cb0000 - 0x00007ffec7d76000 	C:\WINDOWS\SYSTEM32\DNSAPI.dll
0x00007ffecb190000 - 0x00007ffecb198000 	C:\WINDOWS\System32\NSI.dll
0x00007ffec7c70000 - 0x00007ffec7cad000 	C:\WINDOWS\SYSTEM32\IPHLPAPI.DLL
0x00007ffeb95d0000 - 0x00007ffeb95de000 	C:\WINDOWS\System32\winrnr.dll
0x00007ffec4d40000 - 0x00007ffec4d5b000 	C:\WINDOWS\system32\NLAapi.dll
0x00007ffea65e0000 - 0x00007ffea65f5000 	C:\WINDOWS\system32\wshbth.dll
0x00007ffeaea20000 - 0x00007ffeaec0d000 	C:\WINDOWS\SYSTEM32\dbghelp.dll

VM Arguments:
jvm_args: -Dweka.packageManager.loadPackages=false -Djava.awt.headless=true 
java_command: <unknown>
java_class_path (initial): C:\ProgramData\Anaconda3\lib\site-packages\javabridge\jars\rhino-1.7R4.jar;C:\ProgramData\Anaconda3\lib\site-packages\javabridge\jars\runnablequeue.jar;C:\ProgramData\Anaconda3\lib\site-packages\javabridge\jars\cpython.jar;C:\ProgramData\Anaconda3\lib\site-packages\weka\lib\python-weka-wrapper.jar;C:\ProgramData\Anaconda3\lib\site-packages\weka\lib\weka.jar
Launcher Type: generic

Environment Variables:
JAVA_HOME=C:\Program Files\Java\jdk1.8.0_101
PATH=C:\ProgramData\Anaconda3;C:\ProgramData\Anaconda3\Library\mingw-w64\bin;C:\ProgramData\Anaconda3\Library\usr\bin;C:\ProgramData\Anaconda3\Library\bin;C:\ProgramData\Anaconda3\Scripts;C:\ProgramData\Anaconda3\bin;C:\Program Files (x86)\Common Files\Oracle\Java\javapath;C:\ProgramData\Oracle\Java\javapath;C:\Program Files (x86)\Intel\iCLS Client\;C:\Program Files\Intel\iCLS Client\;C:\Windows\system32;C:\Windows;C:\Windows\System32\Wbem;C:\Windows\System32\WindowsPowerShell\v1.0\;C:\Program Files\Intel\WiFi\bin\;C:\Program Files\Common Files\Intel\WirelessCommon\;C:\Program Files (x86)\NVIDIA Corporation\PhysX\Common;C:\Program Files (x86)\Intel\Intel(R) Management Engine Components\DAL;C:\Program Files\Intel\Intel(R) Management Engine Components\DAL;C:\Program Files (x86)\Intel\Intel(R) Management Engine Components\IPT;C:\Program Files\Intel\Intel(R) Management Engine Components\IPT;C:\WINDOWS\system32;C:\WINDOWS;C:\WINDOWS\System32\Wbem;C:\WINDOWS\System32\WindowsPowerShell\v1.0\;C:\WINDOWS\System32\OpenSSH\;C:\Program Files\MiKTeX 2.9\miktex\bin\x64\;C:\Program Files\NVIDIA Corporation\NVIDIA NvDLISR;C:\Program Files\Git\cmd;C:\Users\Bhishma\AppData\Local\Programs\Python\Python37-32\Scripts\;C:\Users\Bhishma\AppData\Local\Programs\Python\Python37-32\;C:\Users\Bhishma\AppData\Local\Microsoft\WindowsApps;C:\Program Files\Java\jdk1.8.0_101\bin;C:\spark-2.3.1-bin-hadoop2.7\bin;C:\tools\zookeeper-3.4.13\bin;C:\Users\Bhishma\AppData\Local\Programs\Python\Python37-32;;C:\Users\Bhishma\AppData\Local\Programs\Microsoft VS Code\bin;C:\Program Files\Java\jdk1.8.0_101\jre\bin\server;C:\Program Files\Java\jdk1.8.0_101\bin;C:\Program Files\Java\jdk1.8.0_101\jre\bin\server;C:\Program Files\Java\jdk1.8.0_101\jre\bin;C:\Program Files\Java\jdk1.8.0_101\jre\bin\server;C:\Program Files\Java\jdk1.8.0_101\bin;C:\Program Files\Java\jdk1.8.0_101\jre\bin\server;C:\Program Files\Java\jdk1.8.0_101\jre\bin
USERNAME=Bhishma
OS=Windows_NT
PROCESSOR_IDENTIFIER=Intel64 Family 6 Model 158 Stepping 9, GenuineIntel



---------------  S Y S T E M  ---------------

OS: Windows 10.0 , 64 bit Build 17763 (10.0.17763.404)

CPU:total 8 (4 cores per cpu, 2 threads per core) family 6 model 158 stepping 9, cmov, cx8, fxsr, mmx, sse, sse2, sse3, ssse3, sse4.1, sse4.2, popcnt, avx, avx2, aes, clmul, erms, 3dnowpref, lzcnt, ht, tsc, tscinvbit, bmi1, bmi2, adx

Memory: 4k page, physical 8270668k(1498164k free), swap 19699648k(3495844k free)

vm_info: Java HotSpot(TM) 64-Bit Server VM (25.101-b13) for windows-amd64 JRE (1.8.0_101-b13), built on Jun 22 2016 01:21:29 by "java_re" with MS VC++ 10.0 (VS2010)

time: Sat Apr 06 16:19:59 2019
elapsed time: 8 seconds (0d 0h 0m 8s)

